Number of queens (1<=nqueens<100): Algorithm: (1) Random search  (2) Hill climbing  (3) Simulated Annealing: 
Initial state:
.....Q..
..Q.....
.Q......
.......q
.....Q..
....Q...
...Q....
....Q...
iteration 0: evaluation=19
iteration 1: evaluation=21
iteration 2: evaluation=22
iteration 3: evaluation=24
iteration 4: evaluation=26
iteration 5: evaluation=24
iteration 6: evaluation=25
iteration 7: evaluation=25
iteration 8: evaluation=24
iteration 9: evaluation=26
iteration 10: evaluation=24
iteration 11: evaluation=25
iteration 12: evaluation=24
iteration 13: evaluation=24
iteration 14: evaluation=23
iteration 15: evaluation=26
iteration 16: evaluation=24
iteration 17: evaluation=24
iteration 18: evaluation=23
iteration 19: evaluation=26
iteration 20: evaluation=24
iteration 21: evaluation=24
iteration 22: evaluation=23
iteration 23: evaluation=26
iteration 24: evaluation=24
iteration 25: evaluation=24
iteration 26: evaluation=23
iteration 27: evaluation=26
iteration 28: evaluation=24
iteration 29: evaluation=24
iteration 30: evaluation=23
iteration 31: evaluation=26
iteration 32: evaluation=24
iteration 33: evaluation=24
iteration 34: evaluation=23
iteration 35: evaluation=26
iteration 36: evaluation=24
iteration 37: evaluation=24
iteration 38: evaluation=23
iteration 39: evaluation=26
iteration 40: evaluation=24
iteration 41: evaluation=24
iteration 42: evaluation=23
iteration 43: evaluation=26
iteration 44: evaluation=24
iteration 45: evaluation=24
iteration 46: evaluation=23
iteration 47: evaluation=26
iteration 48: evaluation=24
iteration 49: evaluation=24
iteration 50: evaluation=23
iteration 51: evaluation=26
iteration 52: evaluation=24
iteration 53: evaluation=24
iteration 54: evaluation=23
iteration 55: evaluation=26
iteration 56: evaluation=24
iteration 57: evaluation=24
iteration 58: evaluation=23
iteration 59: evaluation=26
iteration 60: evaluation=24
iteration 61: evaluation=24
iteration 62: evaluation=23
iteration 63: evaluation=26
iteration 64: evaluation=24
iteration 65: evaluation=24
iteration 66: evaluation=23
iteration 67: evaluation=26
iteration 68: evaluation=24
iteration 69: evaluation=24
iteration 70: evaluation=23
iteration 71: evaluation=26
iteration 72: evaluation=24
iteration 73: evaluation=24
iteration 74: evaluation=23
iteration 75: evaluation=26
iteration 76: evaluation=24
iteration 77: evaluation=24
iteration 78: evaluation=23
iteration 79: evaluation=26
iteration 80: evaluation=24
iteration 81: evaluation=24
iteration 82: evaluation=23
iteration 83: evaluation=26
iteration 84: evaluation=24
iteration 85: evaluation=24
iteration 86: evaluation=23
iteration 87: evaluation=26
iteration 88: evaluation=24
iteration 89: evaluation=24
iteration 90: evaluation=23
iteration 91: evaluation=26
iteration 92: evaluation=24
iteration 93: evaluation=24
iteration 94: evaluation=23
iteration 95: evaluation=26
iteration 96: evaluation=24
iteration 97: evaluation=24
iteration 98: evaluation=23
iteration 99: evaluation=26
iteration 100: evaluation=24
iteration 101: evaluation=24
iteration 102: evaluation=23
iteration 103: evaluation=26
iteration 104: evaluation=24
iteration 105: evaluation=24
iteration 106: evaluation=23
iteration 107: evaluation=26
iteration 108: evaluation=24
iteration 109: evaluation=24
iteration 110: evaluation=23
iteration 111: evaluation=26
iteration 112: evaluation=24
iteration 113: evaluation=24
iteration 114: evaluation=23
iteration 115: evaluation=26
iteration 116: evaluation=24
iteration 117: evaluation=24
iteration 118: evaluation=23
iteration 119: evaluation=26
iteration 120: evaluation=24
iteration 121: evaluation=24
iteration 122: evaluation=23
iteration 123: evaluation=26
iteration 124: evaluation=24
iteration 125: evaluation=24
iteration 126: evaluation=23
iteration 127: evaluation=26
iteration 128: evaluation=24
iteration 129: evaluation=24
iteration 130: evaluation=23
iteration 131: evaluation=26
iteration 132: evaluation=24
iteration 133: evaluation=24
iteration 134: evaluation=23
iteration 135: evaluation=26
iteration 136: evaluation=24
iteration 137: evaluation=24
iteration 138: evaluation=23
iteration 139: evaluation=26
iteration 140: evaluation=24
iteration 141: evaluation=24
iteration 142: evaluation=23
iteration 143: evaluation=26
iteration 144: evaluation=24
iteration 145: evaluation=24
iteration 146: evaluation=23
iteration 147: evaluation=26
iteration 148: evaluation=24
iteration 149: evaluation=24
iteration 150: evaluation=23
iteration 151: evaluation=26
iteration 152: evaluation=24
iteration 153: evaluation=24
iteration 154: evaluation=23
iteration 155: evaluation=26
iteration 156: evaluation=24
iteration 157: evaluation=24
iteration 158: evaluation=23
iteration 159: evaluation=26
iteration 160: evaluation=24
iteration 161: evaluation=24
iteration 162: evaluation=23
iteration 163: evaluation=26
iteration 164: evaluation=24
iteration 165: evaluation=24
iteration 166: evaluation=23
iteration 167: evaluation=26
iteration 168: evaluation=24
iteration 169: evaluation=24
iteration 170: evaluation=23
iteration 171: evaluation=26
iteration 172: evaluation=24
iteration 173: evaluation=24
iteration 174: evaluation=23
iteration 175: evaluation=26
iteration 176: evaluation=24
iteration 177: evaluation=24
iteration 178: evaluation=23
iteration 179: evaluation=26
iteration 180: evaluation=24
iteration 181: evaluation=24
iteration 182: evaluation=23
iteration 183: evaluation=26
iteration 184: evaluation=24
iteration 185: evaluation=24
iteration 186: evaluation=23
iteration 187: evaluation=26
iteration 188: evaluation=24
iteration 189: evaluation=24
iteration 190: evaluation=23
iteration 191: evaluation=26
iteration 192: evaluation=24
iteration 193: evaluation=24
iteration 194: evaluation=23
iteration 195: evaluation=26
iteration 196: evaluation=24
iteration 197: evaluation=24
iteration 198: evaluation=23
iteration 199: evaluation=26
iteration 200: evaluation=24
iteration 201: evaluation=24
iteration 202: evaluation=23
iteration 203: evaluation=26
iteration 204: evaluation=24
iteration 205: evaluation=24
iteration 206: evaluation=23
iteration 207: evaluation=26
iteration 208: evaluation=24
iteration 209: evaluation=24
iteration 210: evaluation=23
iteration 211: evaluation=26
iteration 212: evaluation=24
iteration 213: evaluation=24
iteration 214: evaluation=23
iteration 215: evaluation=26
iteration 216: evaluation=24
iteration 217: evaluation=24
iteration 218: evaluation=23
iteration 219: evaluation=26
iteration 220: evaluation=24
iteration 221: evaluation=24
iteration 222: evaluation=23
iteration 223: evaluation=26
iteration 224: evaluation=24
iteration 225: evaluation=24
iteration 226: evaluation=23
iteration 227: evaluation=26
iteration 228: evaluation=24
iteration 229: evaluation=24
iteration 230: evaluation=23
iteration 231: evaluation=26
iteration 232: evaluation=24
iteration 233: evaluation=24
iteration 234: evaluation=23
iteration 235: evaluation=26
iteration 236: evaluation=24
iteration 237: evaluation=24
iteration 238: evaluation=23
iteration 239: evaluation=26
iteration 240: evaluation=24
iteration 241: evaluation=24
iteration 242: evaluation=23
iteration 243: evaluation=26
iteration 244: evaluation=24
iteration 245: evaluation=24
iteration 246: evaluation=23
iteration 247: evaluation=26
iteration 248: evaluation=24
iteration 249: evaluation=24
iteration 250: evaluation=23
iteration 251: evaluation=26
iteration 252: evaluation=24
iteration 253: evaluation=24
iteration 254: evaluation=23
iteration 255: evaluation=26
iteration 256: evaluation=24
iteration 257: evaluation=24
iteration 258: evaluation=23
iteration 259: evaluation=26
iteration 260: evaluation=24
iteration 261: evaluation=24
iteration 262: evaluation=23
iteration 263: evaluation=26
iteration 264: evaluation=24
iteration 265: evaluation=24
iteration 266: evaluation=23
iteration 267: evaluation=26
iteration 268: evaluation=24
iteration 269: evaluation=24
iteration 270: evaluation=23
iteration 271: evaluation=26
iteration 272: evaluation=24
iteration 273: evaluation=24
iteration 274: evaluation=23
iteration 275: evaluation=26
iteration 276: evaluation=24
iteration 277: evaluation=24
iteration 278: evaluation=23
iteration 279: evaluation=26
iteration 280: evaluation=24
iteration 281: evaluation=24
iteration 282: evaluation=23
iteration 283: evaluation=26
iteration 284: evaluation=24
iteration 285: evaluation=24
iteration 286: evaluation=23
iteration 287: evaluation=26
iteration 288: evaluation=24
iteration 289: evaluation=24
iteration 290: evaluation=23
iteration 291: evaluation=26
iteration 292: evaluation=24
iteration 293: evaluation=24
iteration 294: evaluation=23
iteration 295: evaluation=26
iteration 296: evaluation=24
iteration 297: evaluation=24
iteration 298: evaluation=23
iteration 299: evaluation=26
iteration 300: evaluation=24
iteration 301: evaluation=24
iteration 302: evaluation=23
iteration 303: evaluation=26
iteration 304: evaluation=24
iteration 305: evaluation=24
iteration 306: evaluation=23
iteration 307: evaluation=26
iteration 308: evaluation=24
iteration 309: evaluation=24
iteration 310: evaluation=23
iteration 311: evaluation=26
iteration 312: evaluation=24
iteration 313: evaluation=24
iteration 314: evaluation=23
iteration 315: evaluation=26
iteration 316: evaluation=24
iteration 317: evaluation=24
iteration 318: evaluation=23
iteration 319: evaluation=26
iteration 320: evaluation=24
iteration 321: evaluation=24
iteration 322: evaluation=23
iteration 323: evaluation=26
iteration 324: evaluation=24
iteration 325: evaluation=24
iteration 326: evaluation=23
iteration 327: evaluation=26
iteration 328: evaluation=24
iteration 329: evaluation=24
iteration 330: evaluation=23
iteration 331: evaluation=26
iteration 332: evaluation=24
iteration 333: evaluation=24
iteration 334: evaluation=23
iteration 335: evaluation=26
iteration 336: evaluation=24
iteration 337: evaluation=24
iteration 338: evaluation=23
iteration 339: evaluation=26
iteration 340: evaluation=24
iteration 341: evaluation=24
iteration 342: evaluation=23
iteration 343: evaluation=26
iteration 344: evaluation=24
iteration 345: evaluation=24
iteration 346: evaluation=23
iteration 347: evaluation=26
iteration 348: evaluation=24
iteration 349: evaluation=24
iteration 350: evaluation=23
iteration 351: evaluation=26
iteration 352: evaluation=24
iteration 353: evaluation=24
iteration 354: evaluation=23
iteration 355: evaluation=26
iteration 356: evaluation=24
iteration 357: evaluation=24
iteration 358: evaluation=23
iteration 359: evaluation=26
iteration 360: evaluation=24
iteration 361: evaluation=24
iteration 362: evaluation=23
iteration 363: evaluation=26
iteration 364: evaluation=24
iteration 365: evaluation=24
iteration 366: evaluation=23
iteration 367: evaluation=26
iteration 368: evaluation=24
iteration 369: evaluation=24
iteration 370: evaluation=23
iteration 371: evaluation=26
iteration 372: evaluation=24
iteration 373: evaluation=24
iteration 374: evaluation=23
iteration 375: evaluation=26
iteration 376: evaluation=24
iteration 377: evaluation=24
iteration 378: evaluation=23
iteration 379: evaluation=26
iteration 380: evaluation=24
iteration 381: evaluation=24
iteration 382: evaluation=23
iteration 383: evaluation=26
iteration 384: evaluation=24
iteration 385: evaluation=24
iteration 386: evaluation=23
iteration 387: evaluation=26
iteration 388: evaluation=24
iteration 389: evaluation=24
iteration 390: evaluation=23
iteration 391: evaluation=26
iteration 392: evaluation=24
iteration 393: evaluation=24
iteration 394: evaluation=23
iteration 395: evaluation=26
iteration 396: evaluation=24
iteration 397: evaluation=24
iteration 398: evaluation=23
iteration 399: evaluation=26
iteration 400: evaluation=24
iteration 401: evaluation=24
iteration 402: evaluation=23
iteration 403: evaluation=26
iteration 404: evaluation=24
iteration 405: evaluation=24
iteration 406: evaluation=23
iteration 407: evaluation=26
iteration 408: evaluation=24
iteration 409: evaluation=24
iteration 410: evaluation=23
iteration 411: evaluation=26
iteration 412: evaluation=24
iteration 413: evaluation=24
iteration 414: evaluation=23
iteration 415: evaluation=26
iteration 416: evaluation=24
iteration 417: evaluation=24
iteration 418: evaluation=23
iteration 419: evaluation=26
iteration 420: evaluation=24
iteration 421: evaluation=24
iteration 422: evaluation=23
iteration 423: evaluation=26
iteration 424: evaluation=24
iteration 425: evaluation=24
iteration 426: evaluation=23
iteration 427: evaluation=26
iteration 428: evaluation=24
iteration 429: evaluation=24
iteration 430: evaluation=23
iteration 431: evaluation=26
iteration 432: evaluation=24
iteration 433: evaluation=24
iteration 434: evaluation=23
iteration 435: evaluation=26
iteration 436: evaluation=24
iteration 437: evaluation=24
iteration 438: evaluation=23
iteration 439: evaluation=26
iteration 440: evaluation=24
iteration 441: evaluation=24
iteration 442: evaluation=23
iteration 443: evaluation=26
iteration 444: evaluation=24
iteration 445: evaluation=24
iteration 446: evaluation=23
iteration 447: evaluation=26
iteration 448: evaluation=24
iteration 449: evaluation=24
iteration 450: evaluation=23
iteration 451: evaluation=26
iteration 452: evaluation=24
iteration 453: evaluation=24
iteration 454: evaluation=23
iteration 455: evaluation=26
iteration 456: evaluation=24
iteration 457: evaluation=24
iteration 458: evaluation=23
iteration 459: evaluation=26
iteration 460: evaluation=24
iteration 461: evaluation=24
iteration 462: evaluation=23
iteration 463: evaluation=26
iteration 464: evaluation=24
iteration 465: evaluation=24
iteration 466: evaluation=23
iteration 467: evaluation=26
iteration 468: evaluation=24
iteration 469: evaluation=24
iteration 470: evaluation=23
iteration 471: evaluation=26
iteration 472: evaluation=24
iteration 473: evaluation=24
iteration 474: evaluation=23
iteration 475: evaluation=26
iteration 476: evaluation=24
iteration 477: evaluation=24
iteration 478: evaluation=23
iteration 479: evaluation=26
iteration 480: evaluation=24
iteration 481: evaluation=24
iteration 482: evaluation=23
iteration 483: evaluation=26
iteration 484: evaluation=24
iteration 485: evaluation=24
iteration 486: evaluation=23
iteration 487: evaluation=26
iteration 488: evaluation=24
iteration 489: evaluation=24
iteration 490: evaluation=23
iteration 491: evaluation=26
iteration 492: evaluation=24
iteration 493: evaluation=24
iteration 494: evaluation=23
iteration 495: evaluation=26
iteration 496: evaluation=24
iteration 497: evaluation=24
iteration 498: evaluation=23
iteration 499: evaluation=26
iteration 500: evaluation=24
iteration 501: evaluation=24
iteration 502: evaluation=23
iteration 503: evaluation=26
iteration 504: evaluation=24
iteration 505: evaluation=24
iteration 506: evaluation=23
iteration 507: evaluation=26
iteration 508: evaluation=24
iteration 509: evaluation=24
iteration 510: evaluation=23
iteration 511: evaluation=26
iteration 512: evaluation=24
iteration 513: evaluation=24
iteration 514: evaluation=23
iteration 515: evaluation=26
iteration 516: evaluation=24
iteration 517: evaluation=24
iteration 518: evaluation=23
iteration 519: evaluation=26
iteration 520: evaluation=24
iteration 521: evaluation=24
iteration 522: evaluation=23
iteration 523: evaluation=26
iteration 524: evaluation=24
iteration 525: evaluation=24
iteration 526: evaluation=23
iteration 527: evaluation=26
iteration 528: evaluation=24
iteration 529: evaluation=24
iteration 530: evaluation=23
iteration 531: evaluation=26
iteration 532: evaluation=24
iteration 533: evaluation=24
iteration 534: evaluation=23
iteration 535: evaluation=26
iteration 536: evaluation=24
iteration 537: evaluation=24
iteration 538: evaluation=23
iteration 539: evaluation=26
iteration 540: evaluation=24
iteration 541: evaluation=24
iteration 542: evaluation=23
iteration 543: evaluation=26
iteration 544: evaluation=24
iteration 545: evaluation=24
iteration 546: evaluation=23
iteration 547: evaluation=26
iteration 548: evaluation=24
iteration 549: evaluation=24
iteration 550: evaluation=23
iteration 551: evaluation=26
iteration 552: evaluation=24
iteration 553: evaluation=24
iteration 554: evaluation=23
iteration 555: evaluation=26
iteration 556: evaluation=24
iteration 557: evaluation=24
iteration 558: evaluation=23
iteration 559: evaluation=26
iteration 560: evaluation=24
iteration 561: evaluation=24
iteration 562: evaluation=23
iteration 563: evaluation=26
iteration 564: evaluation=24
iteration 565: evaluation=24
iteration 566: evaluation=23
iteration 567: evaluation=26
iteration 568: evaluation=24
iteration 569: evaluation=24
iteration 570: evaluation=23
iteration 571: evaluation=26
iteration 572: evaluation=24
iteration 573: evaluation=24
iteration 574: evaluation=23
iteration 575: evaluation=26
iteration 576: evaluation=24
iteration 577: evaluation=24
iteration 578: evaluation=23
iteration 579: evaluation=26
iteration 580: evaluation=24
iteration 581: evaluation=24
iteration 582: evaluation=23
iteration 583: evaluation=26
iteration 584: evaluation=24
iteration 585: evaluation=24
iteration 586: evaluation=23
iteration 587: evaluation=26
iteration 588: evaluation=24
iteration 589: evaluation=24
iteration 590: evaluation=23
iteration 591: evaluation=26
iteration 592: evaluation=24
iteration 593: evaluation=24
iteration 594: evaluation=23
iteration 595: evaluation=26
iteration 596: evaluation=24
iteration 597: evaluation=24
iteration 598: evaluation=23
iteration 599: evaluation=26
iteration 600: evaluation=24
iteration 601: evaluation=24
iteration 602: evaluation=23
iteration 603: evaluation=26
iteration 604: evaluation=24
iteration 605: evaluation=24
iteration 606: evaluation=23
iteration 607: evaluation=26
iteration 608: evaluation=24
iteration 609: evaluation=24
iteration 610: evaluation=23
iteration 611: evaluation=26
iteration 612: evaluation=24
iteration 613: evaluation=24
iteration 614: evaluation=23
iteration 615: evaluation=26
iteration 616: evaluation=24
iteration 617: evaluation=24
iteration 618: evaluation=23
iteration 619: evaluation=26
iteration 620: evaluation=24
iteration 621: evaluation=24
iteration 622: evaluation=23
iteration 623: evaluation=26
iteration 624: evaluation=24
iteration 625: evaluation=24
iteration 626: evaluation=23
iteration 627: evaluation=26
iteration 628: evaluation=24
iteration 629: evaluation=24
iteration 630: evaluation=23
iteration 631: evaluation=26
iteration 632: evaluation=24
iteration 633: evaluation=24
iteration 634: evaluation=23
iteration 635: evaluation=26
iteration 636: evaluation=24
iteration 637: evaluation=24
iteration 638: evaluation=23
iteration 639: evaluation=26
iteration 640: evaluation=24
iteration 641: evaluation=24
iteration 642: evaluation=23
iteration 643: evaluation=26
iteration 644: evaluation=24
iteration 645: evaluation=24
iteration 646: evaluation=23
iteration 647: evaluation=26
iteration 648: evaluation=24
iteration 649: evaluation=24
iteration 650: evaluation=23
iteration 651: evaluation=26
iteration 652: evaluation=24
iteration 653: evaluation=24
iteration 654: evaluation=23
iteration 655: evaluation=26
iteration 656: evaluation=24
iteration 657: evaluation=24
iteration 658: evaluation=23
iteration 659: evaluation=26
iteration 660: evaluation=24
iteration 661: evaluation=24
iteration 662: evaluation=23
iteration 663: evaluation=26
iteration 664: evaluation=24
iteration 665: evaluation=24
iteration 666: evaluation=23
iteration 667: evaluation=26
iteration 668: evaluation=24
iteration 669: evaluation=24
iteration 670: evaluation=23
iteration 671: evaluation=26
iteration 672: evaluation=24
iteration 673: evaluation=24
iteration 674: evaluation=23
iteration 675: evaluation=26
iteration 676: evaluation=24
iteration 677: evaluation=24
iteration 678: evaluation=23
iteration 679: evaluation=26
iteration 680: evaluation=24
iteration 681: evaluation=24
iteration 682: evaluation=23
iteration 683: evaluation=26
iteration 684: evaluation=24
iteration 685: evaluation=24
iteration 686: evaluation=23
iteration 687: evaluation=26
iteration 688: evaluation=24
iteration 689: evaluation=24
iteration 690: evaluation=23
iteration 691: evaluation=26
iteration 692: evaluation=24
iteration 693: evaluation=24
iteration 694: evaluation=23
iteration 695: evaluation=26
iteration 696: evaluation=24
iteration 697: evaluation=24
iteration 698: evaluation=23
iteration 699: evaluation=26
iteration 700: evaluation=24
iteration 701: evaluation=24
iteration 702: evaluation=23
iteration 703: evaluation=26
iteration 704: evaluation=24
iteration 705: evaluation=24
iteration 706: evaluation=23
iteration 707: evaluation=26
iteration 708: evaluation=24
iteration 709: evaluation=24
iteration 710: evaluation=23
iteration 711: evaluation=26
iteration 712: evaluation=24
iteration 713: evaluation=24
iteration 714: evaluation=23
iteration 715: evaluation=26
iteration 716: evaluation=24
iteration 717: evaluation=24
iteration 718: evaluation=23
iteration 719: evaluation=26
iteration 720: evaluation=24
iteration 721: evaluation=24
iteration 722: evaluation=23
iteration 723: evaluation=26
iteration 724: evaluation=24
iteration 725: evaluation=24
iteration 726: evaluation=23
iteration 727: evaluation=26
iteration 728: evaluation=24
iteration 729: evaluation=24
iteration 730: evaluation=23
iteration 731: evaluation=26
iteration 732: evaluation=24
iteration 733: evaluation=24
iteration 734: evaluation=23
iteration 735: evaluation=26
iteration 736: evaluation=24
iteration 737: evaluation=24
iteration 738: evaluation=23
iteration 739: evaluation=26
iteration 740: evaluation=24
iteration 741: evaluation=24
iteration 742: evaluation=23
iteration 743: evaluation=26
iteration 744: evaluation=24
iteration 745: evaluation=24
iteration 746: evaluation=23
iteration 747: evaluation=26
iteration 748: evaluation=24
iteration 749: evaluation=24
iteration 750: evaluation=23
iteration 751: evaluation=26
iteration 752: evaluation=24
iteration 753: evaluation=24
iteration 754: evaluation=23
iteration 755: evaluation=26
iteration 756: evaluation=24
iteration 757: evaluation=24
iteration 758: evaluation=23
iteration 759: evaluation=26
iteration 760: evaluation=24
iteration 761: evaluation=24
iteration 762: evaluation=23
iteration 763: evaluation=26
iteration 764: evaluation=24
iteration 765: evaluation=24
iteration 766: evaluation=23
iteration 767: evaluation=26
iteration 768: evaluation=24
iteration 769: evaluation=24
iteration 770: evaluation=23
iteration 771: evaluation=26
iteration 772: evaluation=24
iteration 773: evaluation=24
iteration 774: evaluation=23
iteration 775: evaluation=26
iteration 776: evaluation=24
iteration 777: evaluation=24
iteration 778: evaluation=23
iteration 779: evaluation=26
iteration 780: evaluation=24
iteration 781: evaluation=24
iteration 782: evaluation=23
iteration 783: evaluation=26
iteration 784: evaluation=24
iteration 785: evaluation=24
iteration 786: evaluation=23
iteration 787: evaluation=26
iteration 788: evaluation=24
iteration 789: evaluation=24
iteration 790: evaluation=23
iteration 791: evaluation=26
iteration 792: evaluation=24
iteration 793: evaluation=24
iteration 794: evaluation=23
iteration 795: evaluation=26
iteration 796: evaluation=24
iteration 797: evaluation=24
iteration 798: evaluation=23
iteration 799: evaluation=26
iteration 800: evaluation=24
iteration 801: evaluation=24
iteration 802: evaluation=23
iteration 803: evaluation=26
iteration 804: evaluation=24
iteration 805: evaluation=24
iteration 806: evaluation=23
iteration 807: evaluation=26
iteration 808: evaluation=24
iteration 809: evaluation=24
iteration 810: evaluation=23
iteration 811: evaluation=26
iteration 812: evaluation=24
iteration 813: evaluation=24
iteration 814: evaluation=23
iteration 815: evaluation=26
iteration 816: evaluation=24
iteration 817: evaluation=24
iteration 818: evaluation=23
iteration 819: evaluation=26
iteration 820: evaluation=24
iteration 821: evaluation=24
iteration 822: evaluation=23
iteration 823: evaluation=26
iteration 824: evaluation=24
iteration 825: evaluation=24
iteration 826: evaluation=23
iteration 827: evaluation=26
iteration 828: evaluation=24
iteration 829: evaluation=24
iteration 830: evaluation=23
iteration 831: evaluation=26
iteration 832: evaluation=24
iteration 833: evaluation=24
iteration 834: evaluation=23
iteration 835: evaluation=26
iteration 836: evaluation=24
iteration 837: evaluation=24
iteration 838: evaluation=23
iteration 839: evaluation=26
iteration 840: evaluation=24
iteration 841: evaluation=24
iteration 842: evaluation=23
iteration 843: evaluation=26
iteration 844: evaluation=24
iteration 845: evaluation=24
iteration 846: evaluation=23
iteration 847: evaluation=26
iteration 848: evaluation=24
iteration 849: evaluation=24
iteration 850: evaluation=23
iteration 851: evaluation=26
iteration 852: evaluation=24
iteration 853: evaluation=24
iteration 854: evaluation=23
iteration 855: evaluation=26
iteration 856: evaluation=24
iteration 857: evaluation=24
iteration 858: evaluation=23
iteration 859: evaluation=26
iteration 860: evaluation=24
iteration 861: evaluation=24
iteration 862: evaluation=23
iteration 863: evaluation=26
iteration 864: evaluation=24
iteration 865: evaluation=24
iteration 866: evaluation=23
iteration 867: evaluation=26
iteration 868: evaluation=24
iteration 869: evaluation=24
iteration 870: evaluation=23
iteration 871: evaluation=26
iteration 872: evaluation=24
iteration 873: evaluation=24
iteration 874: evaluation=23
iteration 875: evaluation=26
iteration 876: evaluation=24
iteration 877: evaluation=24
iteration 878: evaluation=23
iteration 879: evaluation=26
iteration 880: evaluation=24
iteration 881: evaluation=24
iteration 882: evaluation=23
iteration 883: evaluation=26
iteration 884: evaluation=24
iteration 885: evaluation=24
iteration 886: evaluation=23
iteration 887: evaluation=26
iteration 888: evaluation=24
iteration 889: evaluation=24
iteration 890: evaluation=23
iteration 891: evaluation=26
iteration 892: evaluation=24
iteration 893: evaluation=24
iteration 894: evaluation=23
iteration 895: evaluation=26
iteration 896: evaluation=24
iteration 897: evaluation=24
iteration 898: evaluation=23
iteration 899: evaluation=26
iteration 900: evaluation=24
iteration 901: evaluation=24
iteration 902: evaluation=23
iteration 903: evaluation=26
iteration 904: evaluation=24
iteration 905: evaluation=24
iteration 906: evaluation=23
iteration 907: evaluation=26
iteration 908: evaluation=24
iteration 909: evaluation=24
iteration 910: evaluation=23
iteration 911: evaluation=26
iteration 912: evaluation=24
iteration 913: evaluation=24
iteration 914: evaluation=23
iteration 915: evaluation=26
iteration 916: evaluation=24
iteration 917: evaluation=24
iteration 918: evaluation=23
iteration 919: evaluation=26
iteration 920: evaluation=24
iteration 921: evaluation=24
iteration 922: evaluation=23
iteration 923: evaluation=26
iteration 924: evaluation=24
iteration 925: evaluation=24
iteration 926: evaluation=23
iteration 927: evaluation=26
iteration 928: evaluation=24
iteration 929: evaluation=24
iteration 930: evaluation=23
iteration 931: evaluation=26
iteration 932: evaluation=24
iteration 933: evaluation=24
iteration 934: evaluation=23
iteration 935: evaluation=26
iteration 936: evaluation=24
iteration 937: evaluation=24
iteration 938: evaluation=23
iteration 939: evaluation=26
iteration 940: evaluation=24
iteration 941: evaluation=24
iteration 942: evaluation=23
iteration 943: evaluation=26
iteration 944: evaluation=24
iteration 945: evaluation=24
iteration 946: evaluation=23
iteration 947: evaluation=26
iteration 948: evaluation=24
iteration 949: evaluation=24
iteration 950: evaluation=23
iteration 951: evaluation=26
iteration 952: evaluation=24
iteration 953: evaluation=24
iteration 954: evaluation=23
iteration 955: evaluation=26
iteration 956: evaluation=24
iteration 957: evaluation=24
iteration 958: evaluation=23
iteration 959: evaluation=26
iteration 960: evaluation=24
iteration 961: evaluation=24
iteration 962: evaluation=23
iteration 963: evaluation=26
iteration 964: evaluation=24
iteration 965: evaluation=24
iteration 966: evaluation=23
iteration 967: evaluation=26
iteration 968: evaluation=24
iteration 969: evaluation=24
iteration 970: evaluation=23
iteration 971: evaluation=26
iteration 972: evaluation=24
iteration 973: evaluation=24
iteration 974: evaluation=23
iteration 975: evaluation=26
iteration 976: evaluation=24
iteration 977: evaluation=24
iteration 978: evaluation=23
iteration 979: evaluation=26
iteration 980: evaluation=24
iteration 981: evaluation=24
iteration 982: evaluation=23
iteration 983: evaluation=26
iteration 984: evaluation=24
iteration 985: evaluation=24
iteration 986: evaluation=23
iteration 987: evaluation=26
iteration 988: evaluation=24
iteration 989: evaluation=24
iteration 990: evaluation=23
iteration 991: evaluation=26
iteration 992: evaluation=24
iteration 993: evaluation=24
iteration 994: evaluation=23
iteration 995: evaluation=26
iteration 996: evaluation=24
iteration 997: evaluation=24
iteration 998: evaluation=23
iteration 999: evaluation=26
Final state is
.....q..
.Q......
.Q......
....q...
.......q
...Q....
q.......
...Q....
